============================= test session starts ==============================
platform darwin -- Python 3.12.12, pytest-9.0.3, pluggy-1.6.0
rootdir: /private/tmp/mc-task-1398-linkedin-dms
configfile: pyproject.toml
testpaths: tests
plugins: anyio-4.13.0
collected 445 items

tests/test_api_accounts.py ..........                                    [  2%]
tests/test_api_refresh.py ..............................                 [  8%]
tests/test_browser_context.py ..............................             [ 15%]
tests/test_cli.py ...........................                            [ 21%]
tests/test_cookies.py ...................................                [ 29%]
tests/test_crypto.py ..............                                      [ 32%]
tests/test_extension_preflight.py ......                                 [ 34%]
tests/test_fetch_messages.py ........................................... [ 43%]
......                                                                   [ 45%]
tests/test_list_threads.py ............................................. [ 55%]
....................                                                     [ 59%]
tests/test_ops_api.py .....                                              [ 60%]
tests/test_ops_console_ui.py ..                                          [ 61%]
tests/test_ops_storage.py .....                                          [ 62%]
tests/test_provider_retry.py ...............                             [ 65%]
tests/test_redaction.py .............................................    [ 75%]
tests/test_send_message.py ..............................                [ 82%]
tests/test_storage.py ............................                       [ 88%]
tests/test_sync_send.py ................................................ [ 99%]
.                                                                        [100%]

============================= 445 passed in 10.57s =============================
